[0.027s] Invoking command in '/home/aaphatak/ros2_ws/build/wall_following_ros2': DEBUGINFOD_URLS=https://debuginfod.ubuntu.com /usr/bin/cmake --build /home/aaphatak/ros2_ws/build/wall_following_ros2 -- -j4 -l4
[0.069s] -- Found ament_cmake: 2.5.4 (/opt/ros/jazzy/share/ament_cmake/cmake)
[0.275s] -- Found rclcpp: 28.1.12 (/opt/ros/jazzy/share/rclcpp/cmake)
[0.298s] -- Found rosidl_generator_c: 4.6.6 (/opt/ros/jazzy/share/rosidl_generator_c/cmake)
[0.305s] -- Found rosidl_generator_cpp: 4.6.6 (/opt/ros/jazzy/share/rosidl_generator_cpp/cmake)
[0.317s] -- Using all available rosidl_typesupport_c: rosidl_typesupport_fastrtps_c;rosidl_typesupport_introspection_c
[0.327s] -- Using all available rosidl_typesupport_cpp: rosidl_typesupport_fastrtps_cpp;rosidl_typesupport_introspection_cpp
[0.371s] -- Found rmw_implementation_cmake: 7.3.2 (/opt/ros/jazzy/share/rmw_implementation_cmake/cmake)
[0.374s] -- Found rmw_fastrtps_cpp: 8.4.3 (/opt/ros/jazzy/share/rmw_fastrtps_cpp/cmake)
[0.435s] -- Using RMW implementation 'rmw_fastrtps_cpp' as default
[0.493s] -- Found rclpy: 7.1.5 (/opt/ros/jazzy/share/rclpy/cmake)
[0.494s] -- Found std_msgs: 5.3.6 (/opt/ros/jazzy/share/std_msgs/cmake)
[0.510s] -- Found ament_lint_auto: 0.17.3 (/opt/ros/jazzy/share/ament_lint_auto/cmake)
[0.558s] Error parsing '/home/aaphatak/ros2_ws/src/wall_following_ros2/package.xml':
[1.582s] Traceback (most recent call last):
[1.582s]   File "/opt/ros/jazzy/share/ament_cmake_core/cmake/core/package_xml_2_cmake.py", line 150, in <module>
[1.582s]     main()
[1.582s]   File "/opt/ros/jazzy/share/ament_cmake_core/cmake/core/package_xml_2_cmake.py", line 53, in main
[1.582s]     raise e
[1.582s]   File "/opt/ros/jazzy/share/ament_cmake_core/cmake/core/package_xml_2_cmake.py", line 49, in main
[1.582s]     package = parse_package_string(
[1.582s]               ^^^^^^^^^^^^^^^^^^^^^
[1.582s]   File "/usr/lib/python3/dist-packages/catkin_pkg/package.py", line 786, in parse_package_string
[1.582s]     raise InvalidPackage('Error(s):%s' % (''.join(['\n- %s' % e for e in errors])), filename)
[1.582s] catkin_pkg.package.InvalidPackage: Error(s) in package '/home/aaphatak/ros2_ws/src/wall_following_ros2/package.xml':
[1.583s] Error(s):
[1.583s] - The manifest of package "wall_following_ros2" (with format version 3) must not contain the following tags: note
[1.603s] [31mCMake Error at /opt/ros/jazzy/share/ament_cmake_core/cmake/core/ament_package_xml.cmake:95 (message):
[1.603s]   execute_process(/usr/bin/python3
[1.603s]   /opt/ros/jazzy/share/ament_cmake_core/cmake/core/package_xml_2_cmake.py
[1.603s]   /home/aaphatak/ros2_ws/src/wall_following_ros2/package.xml
[1.603s]   /home/aaphatak/ros2_ws/build/wall_following_ros2/ament_cmake_core/package.cmake)
[1.603s]   returned error code 1
[1.603s] Call Stack (most recent call first):
[1.603s]   /opt/ros/jazzy/share/ament_cmake_core/cmake/core/ament_package_xml.cmake:49 (_ament_package_xml)
[1.603s]   /opt/ros/jazzy/share/ament_lint_auto/cmake/ament_lint_auto_find_test_dependencies.cmake:31 (ament_package_xml)
[1.603s]   CMakeLists.txt:40 (ament_lint_auto_find_test_dependencies)
[1.603s] 
[1.603s] [0m
[1.603s] -- Configuring incomplete, errors occurred!
[1.608s] gmake: *** [Makefile:226: cmake_check_build_system] Error 1
[1.609s] Invoked command in '/home/aaphatak/ros2_ws/build/wall_following_ros2' returned '2': DEBUGINFOD_URLS=https://debuginfod.ubuntu.com /usr/bin/cmake --build /home/aaphatak/ros2_ws/build/wall_following_ros2 -- -j4 -l4
