[0.018s] Invoking command in '/home/aaphatak/ros2_ws/build/wall_following_ros2': DEBUGINFOD_URLS=https://debuginfod.ubuntu.com /usr/bin/cmake --build /home/aaphatak/ros2_ws/build/wall_following_ros2 -- -j4 -l4
[0.030s] -- Found ament_cmake: 2.5.4 (/opt/ros/jazzy/share/ament_cmake/cmake)
[0.200s] -- Found rclcpp: 28.1.12 (/opt/ros/jazzy/share/rclcpp/cmake)
[0.224s] -- Found rosidl_generator_c: 4.6.6 (/opt/ros/jazzy/share/rosidl_generator_c/cmake)
[0.229s] -- Found rosidl_generator_cpp: 4.6.6 (/opt/ros/jazzy/share/rosidl_generator_cpp/cmake)
[0.241s] -- Using all available rosidl_typesupport_c: rosidl_typesupport_fastrtps_c;rosidl_typesupport_introspection_c
[0.255s] -- Using all available rosidl_typesupport_cpp: rosidl_typesupport_fastrtps_cpp;rosidl_typesupport_introspection_cpp
[0.289s] -- Found rmw_implementation_cmake: 7.3.2 (/opt/ros/jazzy/share/rmw_implementation_cmake/cmake)
[0.290s] -- Found rmw_fastrtps_cpp: 8.4.3 (/opt/ros/jazzy/share/rmw_fastrtps_cpp/cmake)
[0.322s] -- Using RMW implementation 'rmw_fastrtps_cpp' as default
[0.353s] -- Found rclpy: 7.1.5 (/opt/ros/jazzy/share/rclpy/cmake)
[0.353s] -- Found std_msgs: 5.3.6 (/opt/ros/jazzy/share/std_msgs/cmake)
[0.359s] -- Found ament_lint_auto: 0.17.3 (/opt/ros/jazzy/share/ament_lint_auto/cmake)
[0.394s] Error parsing '/home/aaphatak/ros2_ws/src/wall_following_ros2/package.xml':
[1.004s] Traceback (most recent call last):
[1.004s]   File "/opt/ros/jazzy/share/ament_cmake_core/cmake/core/package_xml_2_cmake.py", line 150, in <module>
[1.004s]     main()
[1.004s]   File "/opt/ros/jazzy/share/ament_cmake_core/cmake/core/package_xml_2_cmake.py", line 53, in main
[1.004s]     raise e
[1.004s]   File "/opt/ros/jazzy/share/ament_cmake_core/cmake/core/package_xml_2_cmake.py", line 49, in main
[1.004s]     package = parse_package_string(
[1.004s]               ^^^^^^^^^^^^^^^^^^^^^
[1.005s]   File "/usr/lib/python3/dist-packages/catkin_pkg/package.py", line 639, in parse_package_string
[1.005s]     pkg.description = _get_node_value(_get_node(root, 'description', filename), allow_xml=True, apply_str=False)
[1.005s]                                       ^^^^^^^^^^^^^^^^^^^^^^^^^^^^^^^^^^^^^^^^
[1.005s]   File "/usr/lib/python3/dist-packages/catkin_pkg/package.py", line 800, in _get_node
[1.005s]     raise InvalidPackage('The manifest must contain exactly one "%s" tag' % tagname, filename)
[1.005s] catkin_pkg.package.InvalidPackage: Error(s) in package '/home/aaphatak/ros2_ws/src/wall_following_ros2/package.xml':
[1.005s] The manifest must contain exactly one "description" tag
[1.030s] -- Configuring incomplete, errors occurred!
[1.030s] [31mCMake Error at /opt/ros/jazzy/share/ament_cmake_core/cmake/core/ament_package_xml.cmake:95 (message):
[1.030s]   execute_process(/usr/bin/python3
[1.030s]   /opt/ros/jazzy/share/ament_cmake_core/cmake/core/package_xml_2_cmake.py
[1.030s]   /home/aaphatak/ros2_ws/src/wall_following_ros2/package.xml
[1.030s]   /home/aaphatak/ros2_ws/build/wall_following_ros2/ament_cmake_core/package.cmake)
[1.030s]   returned error code 1
[1.030s] Call Stack (most recent call first):
[1.030s]   /opt/ros/jazzy/share/ament_cmake_core/cmake/core/ament_package_xml.cmake:49 (_ament_package_xml)
[1.030s]   /opt/ros/jazzy/share/ament_lint_auto/cmake/ament_lint_auto_find_test_dependencies.cmake:31 (ament_package_xml)
[1.030s]   CMakeLists.txt:40 (ament_lint_auto_find_test_dependencies)
[1.030s] 
[1.030s] [0m
[1.033s] gmake: *** [Makefile:226: cmake_check_build_system] Error 1
[1.033s] Invoked command in '/home/aaphatak/ros2_ws/build/wall_following_ros2' returned '2': DEBUGINFOD_URLS=https://debuginfod.ubuntu.com /usr/bin/cmake --build /home/aaphatak/ros2_ws/build/wall_following_ros2 -- -j4 -l4
